{"/home/fernando/ignite-nodejs/src/errors/AppErrors.ts": {"path":"/home/fernando/ignite-nodejs/src/errors/AppErrors.ts","all":false,"statementMap":{"0":{"start":{"line":1,"column":0},"end":{"line":1,"column":17}},"1":{"start":{"line":2,"column":0},"end":{"line":2,"column":29}},"2":{"start":{"line":3,"column":0},"end":{"line":3,"column":31}},"3":{"start":{"line":4,"column":0},"end":{"line":4,"column":0}},"4":{"start":{"line":5,"column":0},"end":{"line":5,"column":47}},"5":{"start":{"line":6,"column":0},"end":{"line":6,"column":37}},"6":{"start":{"line":7,"column":0},"end":{"line":7,"column":33}},"7":{"start":{"line":8,"column":0},"end":{"line":8,"column":3}},"8":{"start":{"line":9,"column":0},"end":{"line":9,"column":1}},"9":{"start":{"line":10,"column":0},"end":{"line":10,"column":0}},"10":{"start":{"line":11,"column":0},"end":{"line":11,"column":21}}},"s":{"0":1,"1":1,"2":1,"3":1,"4":1,"5":1,"6":1,"7":1,"8":1,"9":1,"10":1},"branchMap":{"0":{"type":"branch","line":5,"loc":{"start":{"line":5,"column":2},"end":{"line":8,"column":3}},"locations":[{"start":{"line":5,"column":2},"end":{"line":8,"column":3}}]}},"b":{"0":[1]},"fnMap":{"0":{"name":"AppErrors","decl":{"start":{"line":5,"column":2},"end":{"line":8,"column":3}},"loc":{"start":{"line":5,"column":2},"end":{"line":8,"column":3}},"line":5}},"f":{"0":1}}
,"/home/fernando/ignite-nodejs/src/modules/cars/entities/Category.ts": {"path":"/home/fernando/ignite-nodejs/src/modules/cars/entities/Category.ts","all":false,"statementMap":{"0":{"start":{"line":1,"column":0},"end":{"line":1,"column":74}},"1":{"start":{"line":2,"column":0},"end":{"line":2,"column":36}},"2":{"start":{"line":3,"column":0},"end":{"line":3,"column":0}},"3":{"start":{"line":4,"column":0},"end":{"line":4,"column":19}},"4":{"start":{"line":5,"column":0},"end":{"line":5,"column":16}},"5":{"start":{"line":6,"column":0},"end":{"line":6,"column":18}},"6":{"start":{"line":7,"column":0},"end":{"line":7,"column":14}},"7":{"start":{"line":8,"column":0},"end":{"line":8,"column":0}},"8":{"start":{"line":9,"column":0},"end":{"line":9,"column":30}},"9":{"start":{"line":10,"column":0},"end":{"line":10,"column":15}},"10":{"start":{"line":11,"column":0},"end":{"line":11,"column":0}},"11":{"start":{"line":12,"column":0},"end":{"line":12,"column":30}},"12":{"start":{"line":13,"column":0},"end":{"line":13,"column":22}},"13":{"start":{"line":14,"column":0},"end":{"line":14,"column":0}},"14":{"start":{"line":15,"column":0},"end":{"line":15,"column":21}},"15":{"start":{"line":16,"column":0},"end":{"line":16,"column":19}},"16":{"start":{"line":17,"column":0},"end":{"line":17,"column":0}},"17":{"start":{"line":18,"column":0},"end":{"line":18,"column":17}},"18":{"start":{"line":19,"column":0},"end":{"line":19,"column":19}},"19":{"start":{"line":20,"column":0},"end":{"line":20,"column":25}},"20":{"start":{"line":21,"column":0},"end":{"line":21,"column":5}},"21":{"start":{"line":22,"column":0},"end":{"line":22,"column":3}},"22":{"start":{"line":23,"column":0},"end":{"line":23,"column":1}},"23":{"start":{"line":24,"column":0},"end":{"line":24,"column":0}},"24":{"start":{"line":25,"column":0},"end":{"line":25,"column":20}}},"s":{"0":1,"1":1,"2":1,"3":1,"4":1,"5":1,"6":1,"7":1,"8":1,"9":1,"10":1,"11":1,"12":1,"13":1,"14":1,"15":1,"16":1,"17":1,"18":2,"19":2,"20":2,"21":2,"22":1,"23":1,"24":1},"branchMap":{"0":{"type":"branch","line":18,"loc":{"start":{"line":18,"column":2},"end":{"line":22,"column":3}},"locations":[{"start":{"line":18,"column":2},"end":{"line":22,"column":3}}]}},"b":{"0":[2]},"fnMap":{"0":{"name":"Category","decl":{"start":{"line":18,"column":2},"end":{"line":22,"column":3}},"loc":{"start":{"line":18,"column":2},"end":{"line":22,"column":3}},"line":18}},"f":{"0":2}}
,"/home/fernando/ignite-nodejs/src/modules/cars/repositories/in-memory/CategoriesRepositoryInMemory.ts": {"path":"/home/fernando/ignite-nodejs/src/modules/cars/repositories/in-memory/CategoriesRepositoryInMemory.ts","all":false,"statementMap":{"0":{"start":{"line":1,"column":0},"end":{"line":1,"column":51}},"1":{"start":{"line":2,"column":0},"end":{"line":2,"column":64}},"2":{"start":{"line":3,"column":0},"end":{"line":3,"column":65}},"3":{"start":{"line":4,"column":0},"end":{"line":4,"column":0}},"4":{"start":{"line":5,"column":0},"end":{"line":5,"column":69}},"5":{"start":{"line":6,"column":0},"end":{"line":6,"column":38}},"6":{"start":{"line":7,"column":0},"end":{"line":7,"column":0}},"7":{"start":{"line":8,"column":0},"end":{"line":8,"column":74}},"8":{"start":{"line":9,"column":0},"end":{"line":9,"column":42}},"9":{"start":{"line":10,"column":0},"end":{"line":10,"column":0}},"10":{"start":{"line":11,"column":0},"end":{"line":11,"column":29}},"11":{"start":{"line":12,"column":0},"end":{"line":12,"column":17}},"12":{"start":{"line":13,"column":0},"end":{"line":13,"column":31}},"13":{"start":{"line":14,"column":0},"end":{"line":14,"column":7}},"14":{"start":{"line":15,"column":0},"end":{"line":15,"column":0}},"15":{"start":{"line":16,"column":0},"end":{"line":16,"column":35}},"16":{"start":{"line":17,"column":0},"end":{"line":17,"column":3}},"17":{"start":{"line":18,"column":0},"end":{"line":18,"column":53}},"18":{"start":{"line":19,"column":0},"end":{"line":19,"column":48}},"19":{"start":{"line":20,"column":0},"end":{"line":20,"column":42}},"20":{"start":{"line":21,"column":0},"end":{"line":21,"column":6}},"21":{"start":{"line":22,"column":0},"end":{"line":22,"column":20}},"22":{"start":{"line":23,"column":0},"end":{"line":23,"column":3}},"23":{"start":{"line":24,"column":0},"end":{"line":24,"column":37}},"24":{"start":{"line":25,"column":0},"end":{"line":25,"column":45}},"25":{"start":{"line":26,"column":0},"end":{"line":26,"column":22}},"26":{"start":{"line":27,"column":0},"end":{"line":27,"column":3}},"27":{"start":{"line":28,"column":0},"end":{"line":28,"column":1}},"28":{"start":{"line":29,"column":0},"end":{"line":29,"column":0}},"29":{"start":{"line":30,"column":0},"end":{"line":30,"column":40}}},"s":{"0":1,"1":1,"2":1,"3":1,"4":2,"5":2,"6":2,"7":2,"8":2,"9":2,"10":2,"11":2,"12":2,"13":2,"14":2,"15":2,"16":2,"17":2,"18":4,"19":4,"20":4,"21":4,"22":4,"23":2,"24":0,"25":0,"26":0,"27":2,"28":1,"29":1},"branchMap":{"0":{"type":"branch","line":5,"loc":{"start":{"line":5,"column":0},"end":{"line":28,"column":1}},"locations":[{"start":{"line":5,"column":0},"end":{"line":28,"column":1}}]},"1":{"type":"branch","line":8,"loc":{"start":{"line":8,"column":2},"end":{"line":17,"column":3}},"locations":[{"start":{"line":8,"column":2},"end":{"line":17,"column":3}}]},"2":{"type":"branch","line":18,"loc":{"start":{"line":18,"column":2},"end":{"line":23,"column":3}},"locations":[{"start":{"line":18,"column":2},"end":{"line":23,"column":3}}]},"3":{"type":"branch","line":20,"loc":{"start":{"line":20,"column":6},"end":{"line":20,"column":42}},"locations":[{"start":{"line":20,"column":6},"end":{"line":20,"column":42}}]}},"b":{"0":[2],"1":[2],"2":[4],"3":[2]},"fnMap":{"0":{"name":"CategoriesRepositoryInMemory","decl":{"start":{"line":5,"column":0},"end":{"line":28,"column":1}},"loc":{"start":{"line":5,"column":0},"end":{"line":28,"column":1}},"line":5},"1":{"name":"create","decl":{"start":{"line":8,"column":2},"end":{"line":17,"column":3}},"loc":{"start":{"line":8,"column":2},"end":{"line":17,"column":3}},"line":8},"2":{"name":"findByName","decl":{"start":{"line":18,"column":2},"end":{"line":23,"column":3}},"loc":{"start":{"line":18,"column":2},"end":{"line":23,"column":3}},"line":18},"3":{"name":"list","decl":{"start":{"line":24,"column":2},"end":{"line":27,"column":3}},"loc":{"start":{"line":24,"column":2},"end":{"line":27,"column":3}},"line":24}},"f":{"0":2,"1":2,"2":4,"3":0}}
,"/home/fernando/ignite-nodejs/src/modules/cars/usecases/createCategory/CreateCategoryUseCase.ts": {"path":"/home/fernando/ignite-nodejs/src/modules/cars/usecases/createCategory/CreateCategoryUseCase.ts","all":false,"statementMap":{"0":{"start":{"line":1,"column":0},"end":{"line":1,"column":81}},"1":{"start":{"line":2,"column":0},"end":{"line":2,"column":46}},"2":{"start":{"line":3,"column":0},"end":{"line":3,"column":57}},"3":{"start":{"line":4,"column":0},"end":{"line":4,"column":20}},"4":{"start":{"line":5,"column":0},"end":{"line":5,"column":15}},"5":{"start":{"line":6,"column":0},"end":{"line":6,"column":22}},"6":{"start":{"line":7,"column":0},"end":{"line":7,"column":1}},"7":{"start":{"line":8,"column":0},"end":{"line":8,"column":0}},"8":{"start":{"line":9,"column":0},"end":{"line":9,"column":13}},"9":{"start":{"line":10,"column":0},"end":{"line":10,"column":29}},"10":{"start":{"line":11,"column":0},"end":{"line":11,"column":14}},"11":{"start":{"line":12,"column":0},"end":{"line":12,"column":33}},"12":{"start":{"line":13,"column":0},"end":{"line":13,"column":55}},"13":{"start":{"line":14,"column":0},"end":{"line":14,"column":6}},"14":{"start":{"line":15,"column":0},"end":{"line":15,"column":0}},"15":{"start":{"line":16,"column":0},"end":{"line":16,"column":65}},"16":{"start":{"line":17,"column":0},"end":{"line":17,"column":77}},"17":{"start":{"line":18,"column":0},"end":{"line":18,"column":10}},"18":{"start":{"line":19,"column":0},"end":{"line":19,"column":6}},"19":{"start":{"line":20,"column":0},"end":{"line":20,"column":0}},"20":{"start":{"line":21,"column":0},"end":{"line":21,"column":32}},"21":{"start":{"line":22,"column":0},"end":{"line":22,"column":60}},"22":{"start":{"line":23,"column":0},"end":{"line":23,"column":5}},"23":{"start":{"line":24,"column":0},"end":{"line":24,"column":0}},"24":{"start":{"line":25,"column":0},"end":{"line":25,"column":66}},"25":{"start":{"line":26,"column":0},"end":{"line":26,"column":3}},"26":{"start":{"line":27,"column":0},"end":{"line":27,"column":1}},"27":{"start":{"line":28,"column":0},"end":{"line":28,"column":0}},"28":{"start":{"line":29,"column":0},"end":{"line":29,"column":33}}},"s":{"0":1,"1":1,"2":1,"3":1,"4":1,"5":1,"6":1,"7":1,"8":1,"9":1,"10":1,"11":2,"12":2,"13":2,"14":1,"15":1,"16":3,"17":3,"18":3,"19":3,"20":3,"21":1,"22":1,"23":2,"24":2,"25":2,"26":1,"27":1,"28":1},"branchMap":{"0":{"type":"branch","line":11,"loc":{"start":{"line":11,"column":2},"end":{"line":14,"column":6}},"locations":[{"start":{"line":11,"column":2},"end":{"line":14,"column":6}}]},"1":{"type":"branch","line":16,"loc":{"start":{"line":16,"column":2},"end":{"line":26,"column":3}},"locations":[{"start":{"line":16,"column":2},"end":{"line":26,"column":3}}]},"2":{"type":"branch","line":21,"loc":{"start":{"line":21,"column":31},"end":{"line":23,"column":5}},"locations":[{"start":{"line":21,"column":31},"end":{"line":23,"column":5}}]},"3":{"type":"branch","line":24,"loc":{"start":{"line":24,"column":-1},"end":{"line":26,"column":3}},"locations":[{"start":{"line":24,"column":-1},"end":{"line":26,"column":3}}]}},"b":{"0":[2],"1":[3],"2":[1],"3":[2]},"fnMap":{"0":{"name":"CreateCategoryUseCase","decl":{"start":{"line":11,"column":2},"end":{"line":14,"column":6}},"loc":{"start":{"line":11,"column":2},"end":{"line":14,"column":6}},"line":11},"1":{"name":"execute","decl":{"start":{"line":16,"column":2},"end":{"line":26,"column":3}},"loc":{"start":{"line":16,"column":2},"end":{"line":26,"column":3}},"line":16}},"f":{"0":2,"1":3}}
}
